<?xml version="1.0" encoding="utf-8"?><testsuites name="pytest tests"><testsuite name="pytest" errors="0" failures="0" skipped="0" tests="27" time="25.095" timestamp="2026-04-01T08:22:04.844539+00:00" hostname="agent-env-ef4c96f2-104a-41ec-9f54-27b1152afcc2"><testcase classname="backend.tests.test_fund_disbursements.TestDisbursementsAPI" name="test_get_disbursements_returns_200" time="1.083" /><testcase classname="backend.tests.test_fund_disbursements.TestDisbursementsAPI" name="test_get_disbursements_structure" time="0.930" /><testcase classname="backend.tests.test_fund_disbursements.TestDisbursementsAPI" name="test_get_disbursements_filter_by_campaign" time="0.907" /><testcase classname="backend.tests.test_fund_disbursements.TestDisbursementsAPI" name="test_get_disbursements_filter_by_month" time="0.892" /><testcase classname="backend.tests.test_fund_disbursements.TestDisbursementsAPI" name="test_user_can_view_disbursements" time="0.899" /><testcase classname="backend.tests.test_fund_disbursements.TestDisbursementsAPI" name="test_get_summary_returns_200" time="0.985" /><testcase classname="backend.tests.test_fund_disbursements.TestDisbursementsAPI" name="test_summary_structure" time="0.956" /><testcase classname="backend.tests.test_fund_disbursements.TestDisbursementsAPI" name="test_summary_balance_calculation" time="0.994" /><testcase classname="backend.tests.test_fund_disbursements.TestDisbursementsAPI" name="test_summary_filter_by_campaign" time="0.944" /><testcase classname="backend.tests.test_fund_disbursements.TestDisbursementsAPI" name="test_user_can_view_summary" time="0.930" /><testcase classname="backend.tests.test_fund_disbursements.TestDisbursementsAPI" name="test_admin_can_create_disbursement" time="0.937" /><testcase classname="backend.tests.test_fund_disbursements.TestDisbursementsAPI" name="test_user_cannot_create_disbursement" time="0.979" /><testcase classname="backend.tests.test_fund_disbursements.TestDisbursementsAPI" name="test_create_disbursement_validates_amount" time="0.903" /><testcase classname="backend.tests.test_fund_disbursements.TestDisbursementsAPI" name="test_create_disbursement_invalid_campaign" time="0.890" /><testcase classname="backend.tests.test_fund_disbursements.TestDisbursementsAPI" name="test_create_disbursement_all_transfer_modes" time="1.315" /><testcase classname="backend.tests.test_fund_disbursements.TestDisbursementsAPI" name="test_admin_can_update_disbursement" time="1.025" /><testcase classname="backend.tests.test_fund_disbursements.TestDisbursementsAPI" name="test_user_cannot_update_disbursement" time="1.003" /><testcase classname="backend.tests.test_fund_disbursements.TestDisbursementsAPI" name="test_update_nonexistent_disbursement" time="0.896" /><testcase classname="backend.tests.test_fund_disbursements.TestDisbursementsAPI" name="test_admin_can_delete_disbursement" time="1.069" /><testcase classname="backend.tests.test_fund_disbursements.TestDisbursementsAPI" name="test_user_cannot_delete_disbursement" time="1.032" /><testcase classname="backend.tests.test_fund_disbursements.TestDisbursementsAPI" name="test_delete_nonexistent_disbursement" time="0.922" /><testcase classname="backend.tests.test_fund_disbursements.TestDisbursementsAPI" name="test_disbursements_requires_auth" time="1.006" /><testcase classname="backend.tests.test_fund_disbursements.TestDisbursementsAPI" name="test_summary_requires_auth" time="0.951" /><testcase classname="backend.tests.test_fund_disbursements.TestDisbursementsAPI" name="test_create_disbursement_updates_summary" time="1.111" /><testcase classname="backend.tests.test_fund_disbursements.TestDisbursementDataValidation" name="test_negative_amount_rejected" time="0.453" /><testcase classname="backend.tests.test_fund_disbursements.TestDisbursementDataValidation" name="test_missing_required_fields" time="0.461" /><testcase classname="backend.tests.test_fund_disbursements.TestDisbursementDataValidation" name="test_remarks_optional" time="0.501" /></testsuite></testsuites>