<?xml version="1.0" encoding="utf-8"?><testsuites name="pytest tests"><testsuite name="pytest" errors="0" failures="0" skipped="0" tests="21" time="12.083" timestamp="2026-04-01T07:54:01.450932+00:00" hostname="agent-env-ef4c96f2-104a-41ec-9f54-27b1152afcc2"><testcase classname="backend.tests.test_pdf_excel_export.TestPDFExcelExport" name="test_pdf_generation_returns_200" time="0.629" /><testcase classname="backend.tests.test_pdf_excel_export.TestPDFExcelExport" name="test_pdf_content_type" time="0.539" /><testcase classname="backend.tests.test_pdf_excel_export.TestPDFExcelExport" name="test_pdf_content_disposition" time="0.639" /><testcase classname="backend.tests.test_pdf_excel_export.TestPDFExcelExport" name="test_pdf_file_size" time="0.577" /><testcase classname="backend.tests.test_pdf_excel_export.TestPDFExcelExport" name="test_pdf_valid_format" time="0.578" /><testcase classname="backend.tests.test_pdf_excel_export.TestPDFExcelExport" name="test_pdf_invalid_campaign_returns_404" time="0.524" /><testcase classname="backend.tests.test_pdf_excel_export.TestPDFExcelExport" name="test_excel_generation_returns_200" time="0.555" /><testcase classname="backend.tests.test_pdf_excel_export.TestPDFExcelExport" name="test_excel_content_type" time="0.592" /><testcase classname="backend.tests.test_pdf_excel_export.TestPDFExcelExport" name="test_excel_content_disposition" time="0.580" /><testcase classname="backend.tests.test_pdf_excel_export.TestPDFExcelExport" name="test_excel_file_size" time="0.582" /><testcase classname="backend.tests.test_pdf_excel_export.TestPDFExcelExport" name="test_excel_valid_format" time="0.554" /><testcase classname="backend.tests.test_pdf_excel_export.TestPDFExcelExport" name="test_excel_invalid_campaign_returns_404" time="0.561" /><testcase classname="backend.tests.test_pdf_excel_export.TestPDFExcelExport" name="test_pdf_requires_authentication" time="0.611" /><testcase classname="backend.tests.test_pdf_excel_export.TestPDFExcelExport" name="test_excel_requires_authentication" time="0.570" /><testcase classname="backend.tests.test_pdf_excel_export.TestPDFExcelExport" name="test_excel_contains_data" time="0.687" /><testcase classname="backend.tests.test_pdf_excel_export.TestPDFExcelExport" name="test_all_campaigns_pdf_generation" time="0.695" /><testcase classname="backend.tests.test_pdf_excel_export.TestPDFExcelExport" name="test_all_campaigns_excel_generation" time="0.663" /><testcase classname="backend.tests.test_pdf_excel_export.TestMonthlyReportsAPI" name="test_monthly_reports_returns_data" time="0.419" /><testcase classname="backend.tests.test_pdf_excel_export.TestMonthlyReportsAPI" name="test_monthly_reports_structure" time="0.457" /><testcase classname="backend.tests.test_pdf_excel_export.TestMonthlyReportsAPI" name="test_monthly_reports_filter_by_campaign" time="0.480" /><testcase classname="backend.tests.test_pdf_excel_export.TestMonthlyReportsAPI" name="test_monthly_reports_filter_by_month" time="0.487" /></testsuite></testsuites>